15001.005859 -396.660980 -2592.494303 -4779.994141
15004.007812 -388.157196 -2583.990560 -4771.490560
15007.011719 -379.650299 -2575.483724 -4762.983724
15010.015625 -371.144684 -2566.978027 -4754.477865
15013.019531 -362.639038 -2558.472331 -4745.972331
15016.025391 -354.126617 -2549.959961 -4737.459961
15019.029297 -345.617188 -2541.450521 -4728.950521
15022.036133 -337.095856 -2532.929199 -4720.429036
15025.042969 -328.570251 -2524.403646 -4711.903646
15028.050781 -320.037506 -2515.870768 -4703.370768
15031.058594 -311.500305 -2507.333659 -4694.833659
15034.066406 -302.958679 -2498.791992 -4686.291992
15037.076172 -294.407562 -2490.240885 -4677.740885
15040.085938 -285.852875 -2481.686198 -4669.186198
15043.096680 -277.292175 -2473.125488 -4660.625651
15046.107422 -268.728058 -2464.561361 -4652.061523
15049.119141 -260.157410 -2455.990723 -4643.490885
15052.130859 -251.582748 -2447.416016 -4634.916016
15055.144531 -242.998672 -2438.832031 -4626.332031
15058.157227 -234.413834 -2430.247233 -4617.747070
15061.171875 -225.820236 -2421.653646 -4609.153646
15064.185547 -217.226089 -2413.059408 -4600.559570
15067.201172 -208.622513 -2404.455892 -4591.955729
15070.216797 -200.014328 -2395.847656 -4583.347656
15073.234375 -191.395569 -2387.228841 -4574.728841
15076.250977 -182.774948 -2378.608236 -4566.108398
15079.267578 -174.150192 -2369.983561 -4557.483398
15082.287109 -165.513397 -2361.346680 -4548.846680
15085.304688 -156.878708 -2352.712077 -4540.211914
15088.324219 -148.234863 -2344.068197 -4531.568359
15091.345703 -139.581894 -2335.415202 -4522.915365
15094.365234 -130.930954 -2326.764323 -4514.264323
15097.386719 -122.270844 -2318.104167 -4505.604167
15100.408203 -113.607216 -2309.440592 -4496.940430
15103.431641 -104.934349 -2300.767741 -4488.267578
15106.454102 -96.260170 -2292.093424 -4479.593424
15109.478516 -87.575722 -2283.409017 -4470.909180
15112.501953 -78.889008 -2274.722331 -4462.222331
15115.527344 -70.192017 -2266.025391 -4453.525391
15118.552734 -61.491123 -2257.324382 -4444.824544
15121.579102 -52.784237 -2248.617513 -4436.117513
15124.605469 -44.074219 -2239.907552 -4427.407552
15127.632812 -35.357635 -2231.190918 -4418.691081
15130.661133 -26.633860 -2222.467122 -4409.967122
15133.689453 -17.905363 -2213.738770 -4401.238607
15136.718750 -9.169620 -2205.002930 -4392.502930
15139.748047 -0.429809 -2196.263184 -4383.763021
15142.778320 8.316616 -2187.516764 -4375.016602
15145.808594 17.067053 -2178.766276 -4366.266276
15148.841797 25.830347 -2170.002930 -4357.502930
15151.873047 34.592716 -2161.240560 -4348.740560
15154.906250 43.365234 -2152.468099 -4339.968099
15157.939453 52.141628 -2143.691732 -4331.191732
15160.972656 60.921253 -2134.912109 -4322.412109
15164.007812 69.709648 -2126.123698 -4313.623698
15167.042969 78.501884 -2117.331380 -4304.831380
15170.079102 87.301605 -2108.531738 -4296.031576
15173.115234 96.106468 -2099.726888 -4287.226888
15176.152344 104.918884 -2090.914388 -4278.414388
15179.189453 113.735329 -2082.097982 -4269.597982
15182.228516 122.560875 -2073.272461 -4260.772461
15185.267578 131.390015 -2064.443359 -4251.943359
15188.306641 140.223251 -2055.610026 -4243.110026
15191.346680 149.064041 -2046.769368 -4234.269206
15194.386719 157.909775 -2037.923503 -4225.423503
15197.428711 166.766006 -2029.067383 -4216.567383
15200.470703 175.626968 -2020.206380 -4207.706380
15203.513672 184.495255 -2011.338053 -4198.838216
15206.556641 193.367508 -2002.465820 -4189.965820
15209.599609 202.243042 -1993.590332 -4181.090169
15212.644531 211.127197 -1984.706055 -4172.206055
15215.689453 220.014999 -1975.818359 -4163.318359
15218.734375 228.907608 -1966.925781 -4154.425781
15221.780273 237.808960 -1958.024414 -4145.524414
15224.827148 246.718872 -1949.114421 -4136.614583
15227.875000 255.636215 -1940.197103 -4127.697266
15230.923828 264.559784 -1931.273600 -4118.773438
15233.971680 273.483307 -1922.349935 -4109.849935
15237.020508 282.413330 -1913.419922 -4100.919922
15240.070312 291.350555 -1904.482747 -4091.982747
15243.121094 300.295685 -1895.537598 -4083.037760
15246.171875 309.245850 -1886.587565 -4074.087565
15249.223633 318.203705 -1877.629557 -4065.129557
15252.275391 327.166168 -1868.667155 -4056.167318
15255.328125 336.136108 -1859.697266 -4047.197266
15258.382812 345.116302 -1850.717122 -4038.217122
15261.435547 354.095123 -1841.738281 -4029.238281
15264.490234 363.084106 -1832.749186 -4020.249349
15267.545898 372.080292 -1823.753092 -4011.252930
15270.601562 381.080536 -1814.752767 -4002.252930
15273.658203 390.087891 -1805.745443 -3993.245443
15276.716797 399.105011 -1796.728353 -3984.228190
15279.773438 408.120483 -1787.712891 -3975.212891
15282.832031 417.145966 -1778.687337 -3966.187500
15285.890625 426.175995 -1769.657389 -3957.157227
15288.950195 435.214142 -1760.619141 -3948.119141
15292.010742 444.260864 -1751.572428 -3939.072591
15295.071289 453.313019 -1742.520345 -3930.020182
15298.132812 462.372681 -1733.460612 -3920.960612
15301.195312 471.438995 -1724.394368 -3911.894206
15304.257812 480.508911 -1715.324382 -3902.824544
15307.320312 489.583344 -1706.250000 -3893.750000
15310.384766 498.668823 -1697.164551 -3884.664388
15313.449219 507.760040 -1688.073242 -3875.573242
15316.514648 516.858887 -1678.974447 -3866.474609
15319.580078 525.961365 -1669.872070 -3857.372070
15322.646484 535.069397 -1660.763997 -3848.263997
15325.712891 544.180847 -1651.652507 -3839.152344
15328.781250 553.302856 -1642.530436 -3830.030599
15331.849609 562.430908 -1633.402344 -3820.902344
15334.917969 571.565186 -1624.268229 -3811.768229
15337.987305 580.707764 -1615.125651 -3802.625651
15341.057617 589.857971 -1605.975260 -3793.475260
15344.127930 599.012573 -1596.820801 -3784.320638
15347.199219 608.174438 -1587.658854 -3775.158854
15350.271484 617.343811 -1578.489583 -3765.989583
15353.343750 626.517883 -1569.315430 -3756.815430
15356.416016 635.696838 -1560.136556 -3747.636393
15359.490234 644.886780 -1550.946615 -3738.446615
15362.564453 654.082092 -1541.751302 -3729.251302
15365.639648 663.285217 -1532.548177 -3720.048177
15368.715820 672.495667 -1523.337565 -3710.837565
15371.791016 681.707153 -1514.126139 -3701.626302
15374.868164 690.928223 -1504.905111 -3692.404948
15377.945312 700.153809 -1495.679525 -3683.179688
15381.023438 709.387207 -1486.446126 -3673.945964
15384.102539 718.628845 -1477.204427 -3664.704427
15387.181641 727.875916 -1467.957357 -3655.457357
15390.261719 737.131104 -1458.702148 -3646.202148
15393.341797 746.391663 -1449.441732 -3636.941732
15396.423828 755.663391 -1440.169922 -3627.669922
15399.503906 764.934265 -1430.899089 -3618.399089
15402.587891 774.221619 -1421.611654 -3609.111654
15405.669922 783.507629 -1412.325684 -3599.825521
15408.753906 792.803894 -1403.029460 -3590.529297
15411.837891 802.103943 -1393.729492 -3581.229492
15414.922852 811.411377 -1384.421875 -3571.921875
15418.008789 820.727051 -1375.106283 -3562.606120
15421.094727 830.049133 -1365.784180 -3553.284180
15424.180664 839.377747 -1356.455566 -3543.955729
15427.268555 848.717834 -1347.115479 -3534.615560
15430.355469 858.059143 -1337.774170 -3525.274089
15433.444336 867.410400 -1328.422933 -3515.922852
15436.533203 876.765869 -1319.067464 -3506.567383
15439.623047 886.129578 -1309.703776 -3497.203776
15442.712891 895.498962 -1300.334391 -3487.834310
15445.804688 904.879822 -1290.953532 -3478.453451
15448.896484 914.265625 -1281.567708 -3469.067708
15451.988281 923.655945 -1272.177409 -3459.677409
15455.082031 933.056702 -1262.776611 -3450.276693
15458.174805 942.459473 -1253.373861 -3440.873698
15461.268555 951.870850 -1243.962484 -3431.462565
15464.363281 961.291260 -1234.542074 -3422.041992
15467.458984 970.720154 -1225.113200 -3412.613281
15470.554688 980.154480 -1215.678874 -3403.179036
15473.651367 989.597107 -1206.236247 -3393.736328
15476.748047 999.044922 -1196.788411 -3384.288411
15479.846680 1008.503967 -1187.329346 -3374.829427
15482.944336 1017.965332 -1177.868001 -3365.367839
15486.042969 1027.434448 -1168.398844 -3355.898763
15489.143555 1036.914062 -1158.919271 -3346.419271
15492.243164 1046.395142 -1149.438151 -3336.938151
15495.344727 1055.887085 -1139.946289 -3327.446289
15498.446289 1065.384399 -1130.448893 -3317.948893
15501.548828 1074.891235 -1120.942139 -3308.442057
15504.651367 1084.404419 -1111.428955 -3298.929036
15507.753906 1093.922974 -1101.910400 -3289.410482
15510.858398 1103.451904 -1092.381429 -3279.881510
15513.962891 1112.985107 -1082.848226 -3270.348307
15517.068359 1122.526245 -1073.307048 -3260.806966
15520.174805 1132.076294 -1063.756999 -3251.257161
15523.280273 1141.629883 -1054.203451 -3241.703451
15526.387695 1151.195557 -1044.637777 -3232.137695
15529.496094 1160.769653 -1035.063721 -3222.563802
15532.603516 1170.345703 -1025.487630 -3212.987630
15535.712891 1179.932983 -1015.900309 -3203.400391
15538.822266 1189.526123 -1006.307210 -3193.807292
15541.932617 1199.128052 -996.705241 -3184.205078
15545.042969 1208.736206 -987.097168 -3174.597005
15548.155273 1218.355103 -977.478190 -3164.978190
15551.267578 1227.978394 -967.854899 -3155.354818
15554.380859 1237.609131 -958.224202 -3145.724284
15557.493164 1247.242065 -948.591227 -3136.091146
15560.607422 1256.887329 -938.945964 -3126.445964
15563.721680 1266.539551 -929.293783 -3116.793620
15566.836914 1276.201050 -919.632324 -3107.132161
15569.952148 1285.868042 -909.965251 -3097.465169
15573.069336 1295.546265 -900.287109 -3087.787109
15576.186523 1305.229492 -890.603841 -3078.103841
15579.304688 1314.921387 -880.911947 -3068.412109
15582.422852 1324.619385 -871.213949 -3058.713867
15585.541016 1334.323486 -861.509847 -3049.009766
15588.660156 1344.036743 -851.796549 -3039.296549
15591.781250 1353.762329 -842.070964 -3029.570964
15594.902344 1363.493408 -832.339925 -3019.839844
15598.023438 1373.229492 -822.603841 -3010.103841
15601.145508 1382.972778 -812.860514 -3000.360677
15604.268555 1392.723267 -803.110026 -2990.610026
15607.391602 1402.479492 -793.353841 -2980.853841
15610.515625 1412.245728 -783.587565 -2971.087565
15613.640625 1422.022827 -773.810547 -2961.310547
15616.765625 1431.806641 -764.026693 -2951.526693
15619.890625 1441.596191 -754.237142 -2941.736979
15623.017578 1451.396484 -744.436849 -2931.936849
15626.144531 1461.202026 -734.631348 -2922.131510
15629.272461 1471.016479 -724.816895 -2912.317057
15632.400391 1480.836914 -714.996419 -2902.496419
15635.529297 1490.666870 -705.166504 -2892.666667
15638.658203 1500.502441 -695.330892 -2882.830729
15641.789062 1510.349976 -685.483398 -2872.983398
15644.919922 1520.203003 -675.630371 -2863.130208
15648.051758 1530.064575 -665.768717 -2853.268880
15651.183594 1539.932495 -655.900879 -2843.401042
15654.316406 1549.809448 -646.023926 -2833.524089
15657.449219 1559.692871 -636.140462 -2823.640625
15660.583984 1569.588379 -626.244954 -2813.744792
15663.718750 1579.490356 -616.342936 -2803.843099
15666.853516 1589.398560 -606.434733 -2793.934896
15669.989258 1599.316040 -596.517253 -2784.017253
15673.125977 1609.242310 -586.590983 -2774.091146
15676.263672 1619.177734 -576.655599 -2764.155599
15679.400391 1629.116089 -566.717285 -2754.217448
15682.539062 1639.066528 -556.766764 -2744.266927
15685.677734 1649.023438 -546.809896 -2734.309896
15688.817383 1658.989136 -536.844238 -2724.344238
15691.958008 1668.963989 -526.869303 -2714.369303
15695.099609 1678.948242 -516.885091 -2704.385091
15698.240234 1688.936401 -506.896973 -2694.396973
15701.382812 1698.937378 -496.895996 -2684.395996
15704.525391 1708.945312 -486.888021 -2674.388021
15707.667969 1718.959473 -476.873861 -2664.373861
15710.812500 1728.985474 -466.847819 -2654.347819
15713.957031 1739.016724 -456.816569 -2644.316569
15717.102539 1749.057007 -446.776367 -2634.276367
15720.248047 1759.103638 -436.729655 -2624.229655
15723.394531 1769.160767 -426.672526 -2614.172526
15726.541992 1779.227539 -416.605794 -2604.105794
15729.689453 1789.300293 -406.533040 -2594.033040
15732.837891 1799.382202 -396.451172 -2583.951172
15735.987305 1809.473022 -386.360352 -2573.860352
15739.136719 1819.570190 -376.263184 -2563.763184
15742.287109 1829.677124 -366.156250 -2553.656250
15745.438477 1839.793945 -356.039388 -2543.539388
15748.589844 1849.917603 -345.915690 -2533.415690
15751.742188 1860.051270 -335.782064 -2523.282064
15754.894531 1870.191895 -325.641439 -2513.141439
15758.048828 1880.344849 -315.488444 -2502.988444
15761.202148 1890.500000 -305.333333 -2492.833333
15764.357422 1900.666992 -295.166341 -2482.666341
15767.513672 1910.844238 -284.989095 -2472.489095
15770.668945 1921.025879 -274.807454 -2462.307454
15773.825195 1931.219604 -264.613770 -2452.113770
15776.982422 1941.423462 -254.409831 -2441.909831
15780.140625 1951.635742 -244.197591 -2431.697591
15783.298828 1961.852173 -233.981120 -2421.481120
15786.458008 1972.077271 -223.756022 -2411.256022
15789.617188 1982.309570 -213.523763 -2401.023763
15792.778320 1992.556519 -203.276855 -2390.776855
15795.939453 2002.811401 -193.021973 -2380.521973
15799.101562 2013.076660 -182.756673 -2370.256673
15802.263672 2023.348267 -172.485026 -2359.985026
15805.426758 2033.629395 -162.203939 -2349.703939
15808.589844 2043.916992 -151.916341 -2339.416341
15811.753906 2054.214355 -141.618978 -2329.118978
15814.918945 2064.521484 -131.311849 -2318.811849
15818.083984 2074.835938 -120.997396 -2308.497396
15821.250977 2085.163818 -110.669596 -2298.169596
15824.417969 2095.498535 -100.334798 -2287.834798
15827.584961 2105.840332 -89.993001 -2277.493001
15830.752930 2116.191650 -79.641764 -2267.141764
15833.921875 2126.552490 -69.280924 -2256.780924
15837.091797 2136.923096 -58.910156 -2246.410156
15840.261719 2147.301758 -48.531576 -2236.031576
15843.431641 2157.687988 -38.145345 -2225.645345
15846.602539 2168.085449 -27.747884 -2215.247884
15849.773438 2178.489746 -17.343587 -2204.843587
15852.947266 2188.909912 -6.923340 -2194.423340
15856.119141 2199.330322 3.497070 -2184.002930
15859.292969 2209.763672 13.930339 -2173.569661
15862.468750 2220.210205 24.376953 -2163.123047
15865.642578 2230.656982 34.823730 -2152.676270
15868.818359 2241.117432 45.284017 -2142.215983
15871.994141 2251.584717 55.751465 -2131.748535
15875.171875 2262.066650 66.233398 -2121.266602
15878.349609 2272.556396 76.723145 -2110.776855
15881.527344 2283.054932 87.221517 -2100.278483
15884.706055 2293.564697 97.731283 -2089.768717
15887.886719 2304.087891 108.254557 -2079.245443
15891.066406 2314.614014 118.780762 -2068.719238
15894.247070 2325.149170 129.315918 -2058.184082
15897.427734 2335.691162 139.857747 -2047.642253
15900.609375 2346.243896 150.410645 -2037.089355
15903.792969 2356.811768 160.978353 -2026.521647
15906.976562 2367.387695 171.554362 -2015.945638
15910.160156 2377.971436 182.138184 -2005.361816
15913.343750 2388.562256 192.728841 -1994.771159
15916.529297 2399.166748 203.333333 -1984.166667
15919.714844 2409.777588 213.944173 -1973.555827
15922.902344 2420.401611 224.568359 -1962.931641
15926.089844 2431.032959 235.199544 -1952.300456
15929.277344 2441.672119 245.838867 -1941.661133
15932.464844 2452.321045 256.487630 -1931.012370
15935.654297 2462.985107 267.151855 -1920.348145
15938.843750 2473.657227 277.823893 -1909.676107
15942.033203 2484.336182 288.502767 -1898.997233
15945.224609 2495.027832 299.194499 -1888.305501
15948.416016 2505.726318 309.893066 -1877.606934
15951.609375 2516.438477 320.605143 -1866.894857
15954.802734 2527.157959 331.324707 -1856.175293
15957.994141 2537.879150 342.045736 -1845.454264
15961.189453 2548.622559 352.789225 -1834.710775
15964.384766 2559.374512 363.541178 -1823.958822
15967.579102 2570.131348 374.298014 -1813.201986
15970.775391 2580.902588 385.069336 -1802.430664
15973.972656 2591.683838 395.850586 -1791.649414
15977.168945 2602.468018 406.634603 -1780.865397
15980.367188 2613.264160 417.430827 -1770.069173
15983.566406 2624.070557 428.237142 -1759.262858
15986.765625 2634.890381 439.056966 -1748.443034
15989.964844 2645.730713 449.897461 -1737.602539
15993.166016 2656.603271 460.770020 -1726.729980
15996.367188 2667.491455 471.658203 -1715.841797
15999.568359 2678.382080 482.548828 -1704.951172
16002.771484 2689.271240 493.437826 -1694.062174
16005.974609 2700.155518 504.322266 -1683.177734
16009.177734 2711.042480 515.209147 -1672.290853
16012.382812 2721.947021 526.113770 -1661.386230
16015.586914 2732.859619 537.026367 -1650.473633
16018.792969 2743.789062 547.955729 -1639.544271
16021.999023 2754.725342 558.891927 -1628.608073
16025.206055 2765.671875 569.838542 -1617.661458
16028.414062 2776.629639 580.796224 -1606.703776
16031.622070 2787.596436 591.763021 -1595.736979
16034.831055 2798.574951 602.741536 -1584.758464
16038.040039 2809.562256 613.728841 -1573.771159
16041.250000 2820.562256 624.728841 -1562.771159
16044.460938 2831.573486 635.740234 -1551.759766
16047.673828 2842.600342 646.766927 -1540.733073
16050.884766 2853.628662 657.795247 -1529.704753
16054.097656 2864.671875 668.838542 -1518.661458
16057.310547 2875.723389 679.889974 -1507.610026
16060.525391 2886.790771 690.957357 -1496.542643
16063.738281 2897.859375 702.026042 -1485.473958
16066.955078 2908.950195 713.116862 -1474.383138
16070.170898 2920.045898 724.212565 -1463.287435
16073.386719 2931.149414 735.316081 -1452.183919
16076.604492 2942.268311 746.434896 -1441.065104
16079.822266 2953.396240 757.562826 -1429.937174
16083.041016 2964.537109 768.703776 -1418.796224
16086.259766 2975.687744 779.854492 -1407.645508
16089.480469 2986.853516 791.020182 -1396.479818
16092.699219 2998.020752 802.187500 -1385.312500
16095.920898 3009.206299 813.373047 -1374.126953
16099.142578 3020.402100 824.568685 -1362.931315
16102.365234 3031.611328 835.777995 -1351.722005
16105.588867 3042.833740 847.000326 -1340.499674
16108.812500 3054.064209 858.230794 -1329.269206
16112.036133 3065.302002 869.468750 -1318.031250
16115.261719 3076.554443 880.721029 -1306.778971
16118.486328 3087.812256 891.978841 -1295.521159
16121.712891 3099.086182 903.252930 -1284.247070
16124.939453 3110.371094 914.537760 -1272.962240
16128.167969 3121.672119 925.838867 -1261.661133
16131.396484 3132.982422 937.149089 -1250.350911
16134.625000 3144.301514 948.468099 -1239.031901
16137.853516 3155.629883 959.796549 -1227.703451
16141.083984 3166.974609 971.141276 -1216.358724
16144.314453 3178.328857 982.495443 -1205.004557
16147.546875 3189.698486 993.865234 -1193.634766
16150.778320 3201.073975 1005.240560 -1182.259440
16154.011719 3212.464111 1016.630859 -1170.869141
16157.244141 3223.860596 1028.027344 -1159.472656
16160.478516 3235.274658 1039.441406 -1148.058594
16163.712891 3246.700195 1050.866862 -1136.633138
16166.948242 3258.139893 1062.306641 -1125.193359
16170.184570 3269.592041 1073.758789 -1113.741211
16173.420898 3281.052734 1085.219401 -1102.280599
16176.658203 3292.525391 1096.692057 -1090.807943
16179.896484 3304.010498 1108.177083 -1079.322917
16183.134766 3315.504883 1119.671549 -1067.828451
16186.374023 3327.012695 1131.179362 -1056.320638
16189.613281 3338.530029 1142.696615 -1044.803385
16192.853516 3350.060547 1154.227214 -1033.272786
16196.095703 3361.608398 1165.775065 -1021.724935
16199.336914 3373.162842 1177.329427 -1010.170573
16202.580078 3384.734131 1188.900716 -998.599284
16205.822266 3396.312256 1200.478841 -987.021159
16209.066406 3407.907471 1212.074219 -975.425781
16212.310547 3419.513672 1223.680339 -963.819661
16215.556641 3431.135986 1235.302734 -952.197266
16218.801758 3442.764893 1246.931641 -940.568359
16222.048828 3454.410156 1258.576823 -928.923177
16225.294922 3466.061279 1270.227865 -917.272135
16228.542969 3477.728760 1281.895508 -905.604492
16231.791016 3489.407959 1293.574544 -893.925456
16235.039062 3501.097412 1305.263997 -882.236003
16238.289062 3512.804688 1316.971354 -870.528646
16241.539062 3524.523193 1328.689779 -858.810221
16244.791016 3536.258789 1340.425456 -847.074544
16248.041992 3548.000977 1352.167643 -835.332357
16251.293945 3559.756592 1363.923177 -823.576823
16254.546875 3571.525635 1375.692383 -811.807617
16257.800781 3583.307861 1387.474609 -800.025391
16261.054688 3595.101562 1399.268229 -788.231771
16264.309570 3606.909180 1411.075846 -776.424154
16267.564453 3618.727539 1422.894206 -764.605794
16270.820312 3630.559570 1434.726237 -752.773763
16274.077148 3642.406250 1446.572917 -740.927083
16277.334961 3654.266846 1458.433594 -729.066406
16280.593750 3666.142334 1470.308919 -717.191081
16283.851562 3678.025146 1482.191732 -705.308268
16287.111328 3689.926025 1494.092773 -693.407227
16290.371094 3701.837891 1506.004557 -681.495443
16293.631836 3713.762939 1517.929688 -669.570312
16296.892578 3725.698486 1529.865234 -657.634766
16300.154297 3737.649170 1541.815755 -645.684245
16303.417969 3749.617188 1553.783854 -633.716146
16306.680664 3761.593018 1565.759766 -621.740234
16309.944336 3773.583984 1577.750651 -609.749349
16313.208984 3785.590088 1589.756836 -597.743164
16316.474609 3797.611084 1601.777669 -585.722331
16319.740234 3809.642578 1613.809245 -573.690755
16323.007812 3821.692383 1625.859049 -561.640951
16326.273438 3833.746094 1637.912760 -549.587240
16329.541992 3845.822998 1649.989583 -537.510417
16332.810547 3857.911865 1662.078451 -525.421549
16336.080078 3870.016602 1674.183268 -513.316732
16339.349609 3882.131104 1686.297852 -501.202148
16342.619141 3894.255859 1698.422526 -489.077474
16345.890625 3906.398193 1710.564779 -476.935221
16349.162109 3918.551758 1722.718424 -464.781576
16352.435547 3930.725342 1734.891927 -452.608073
16355.708984 3942.911865 1747.078451 -440.421549
16358.982422 3955.111084 1759.277669 -428.222331
16362.256836 3967.325928 1771.492513 -416.007487
16365.531250 3979.551758 1783.718424 -403.781576
16368.806641 3991.792969 1795.959635 -391.540365
16372.083984 4004.052002 1808.218750 -379.281250
16375.360352 4016.319092 1820.485677 -367.014323
16378.638672 4028.605225 1832.771810 -354.728190
16381.916016 4040.900635 1845.067383 -342.432617
16385.195312 4053.216797 1857.383464 -330.116536
16388.474609 4065.544678 1869.711263 -317.788737
16391.753906 4077.884766 1882.051432 -305.448568
16395.035156 4090.243408 1894.410156 -293.089844
16398.316406 4102.613770 1906.780599 -280.719401
16401.601562 4115.012207 1919.178711 -268.321289
16404.882812 4127.406738 1931.573242 -255.926758
16408.167969 4139.828613 1943.995443 -243.504557
16411.449219 4152.248047 1956.414714 -231.085286
16414.734375 4164.695312 1968.861979 -218.638021
16418.021484 4177.162109 1981.328776 -206.171224
16421.308594 4189.641113 1993.807943 -193.692057
16424.593750 4202.125488 2006.292318 -181.207682
16427.882812 4214.638184 2018.805013 -168.694987
16431.169922 4227.157227 2031.323893 -156.176107
16434.457031 4239.688965 2043.855469 -143.644531
16437.750000 4252.256348 2056.422852 -131.077148
16441.039062 4264.819824 2068.986654 -118.513346
16444.328125 4277.395508 2081.562174 -105.937826
16447.621094 4289.998535 2094.165039 -93.334961
16450.914062 4302.615234 2106.781901 -80.718099
16454.207031 4315.246094 2119.412760 -68.087240
16457.500000 4327.891113 2132.057617 -55.442383
16460.792969 4340.548828 2144.715495 -42.784505
16464.087891 4353.226562 2157.393229 -30.106771
16467.382812 4365.916504 2170.083333 -17.416667
16470.679688 4378.626953 2182.793620 -4.706380
16473.976562 4391.351074 2195.517904 8.017904
16477.273438 4404.089355 2208.255859 20.755859
16480.570312 4416.840332 2221.006836 33.506836
16483.871094 4429.620605 2233.787109 46.287109
16487.167969 4442.399902 2246.566732 59.066732
16490.468750 4455.208496 2259.375000 71.875000
16493.769531 4468.031250 2272.197917 84.697917
16497.070312 4480.867676 2285.034180 97.534180
16500.375000 4493.732422 2297.899089 110.399089
16503.675781 4506.595215 2310.762044 123.262044
16506.980469 4519.486816 2323.653646 136.153646
16510.285156 4532.392090 2336.558594 149.058594
16513.589844 4545.311035 2349.477539 161.977539
16516.894531 4558.243652 2362.410482 174.910482
16520.199219 4571.191895 2375.358398 187.858398
16523.507812 4584.169922 2388.336589 200.836589
16526.812500 4597.146973 2401.313802 213.813802
16530.121094 4610.154297 2414.320964 226.820964
16533.429688 4623.173828 2427.340495 239.840495
16536.738281 4636.208008 2440.374674 252.874674
16540.050781 4649.272949 2453.439453 265.939453
16543.359375 4662.338379 2466.504883 279.004883
16546.671875 4675.434082 2479.600586 292.100586
16549.984375 4688.543945 2492.710612 305.210612
16553.296875 4701.666992 2505.833659 318.333659
16556.609375 4714.804199 2518.970703 331.470703
16559.921875 4727.956055 2532.122721 344.622721
16563.238281 4741.139160 2545.305990 357.805990
16566.554688 4754.338379 2558.504883 371.004883
16569.871094 4767.552246 2571.718750 384.218750
16573.187500 4780.781738 2584.948568 397.448568
16576.503906 4794.026855 2598.193359 410.693359
16579.820312 4807.286621 2611.453125 423.953125
16583.140625 4820.577637 2624.744466 437.244466
16586.458984 4833.876465 2638.042969 450.542969
16589.777344 4847.189453 2651.356120 463.856120
16593.097656 4860.525879 2664.692708 477.192708
16596.421875 4873.893066 2678.059896 490.559896
16599.742188 4887.260742 2691.427409 503.927409
16603.066406 4900.661133 2704.827799 517.327799
16606.386719 4914.061035 2718.227539 530.727539
16609.710938 4927.492188 2731.658854 544.158854
16613.037109 4940.947266 2745.113932 557.613932
16616.363281 4954.418457 2758.585286 571.085286
16619.687500 4967.898438 2772.065104 584.565104
16623.015625 4981.411133 2785.577799 598.077799
16626.341797 4994.933105 2799.099609 611.599609
16629.667969 5008.470215 2812.636719 625.136719
16633.000000 5022.047363 2826.213867 638.713867
16636.328125 5035.624512 2839.791016 652.291016
16639.656250 5049.217285 2853.383789 665.883789
16642.988281 5062.843750 2867.010417 679.510417
16646.320312 5076.486816 2880.653320 693.153320
16649.652344 5090.145996 2894.312500 706.812500
16652.984375 5103.822266 2907.988932 720.488932
16656.316406 5117.514648 2921.681315 734.181315
16659.652344 5131.240723 2935.407552 747.907552
16662.984375 5144.968750 2949.135417 761.635417
16666.320312 5158.729004 2962.895833 775.395833
16669.656250 5172.506836 2976.673503 789.173503
16672.992188 5186.300781 2990.467448 802.967448
16676.332031 5200.129395 3004.296224 816.796224
16679.667969 5213.960938 3018.127604 830.627604
16683.007812 5227.830078 3031.996745 844.496745
16686.345703 5241.706543 3045.873047 858.373047
16689.687500 5255.605957 3059.772461 872.272461
16693.027344 5269.501465 3073.668294 886.168294
16696.367188 5283.424805 3087.591471 900.091471
16699.710938 5297.424805 3101.591471 914.091471
16703.050781 5311.489258 3115.655924 928.155924
16706.394531 5325.619141 3129.785807 942.285807
16709.738281 5339.746094 3143.912760 956.412760
16713.083984 5353.837402 3158.004232 970.504232
16716.429688 5367.901855 3172.068685 984.568685
16719.777344 5381.979492 3186.146159 998.646159
16723.121094 5396.073242 3200.239909 1012.739909
16726.468750 5410.214355 3214.381185 1026.881185
16729.816406 5424.378418 3228.545247 1041.045247
16733.164062 5438.557129 3242.723633 1055.223633
16736.515625 5452.768066 3256.934896 1069.434896
16739.865234 5466.988281 3271.154948 1083.654948
16743.214844 5481.229980 3285.396484 1097.896484
16746.566406 5495.500000 3299.666667 1112.166667
16749.917969 5509.789062 3313.955729 1126.455729
16753.271484 5524.105957 3328.272786 1140.772786
16756.625000 5538.441895 3342.608724 1155.108724
16759.980469 5552.805176 3356.972005 1169.472005
16763.332031 5567.173340 3371.339844 1183.839844
16766.687500 5581.577637 3385.744141 1198.244141
16770.042969 5596.000488 3400.167318 1212.667318
16773.402344 5610.462402 3414.628906 1227.128906
16776.757812 5624.926270 3429.093099 1241.593099
16780.117188 5639.428223 3443.595052 1256.095052
16783.476562 5653.951660 3458.118490 1270.618490
16786.835938 5668.495605 3472.662109 1285.162109
16790.195312 5683.058105 3487.224609 1299.724609
16793.554688 5697.640625 3501.807292 1314.307292
16796.917969 5712.261230 3516.427734 1328.927734
16800.279297 5726.895020 3531.061849 1343.561849
16803.640625 5741.550781 3545.717448 1358.217448
16807.003906 5756.237793 3560.404297 1372.904297
16810.369141 5770.953613 3575.120443 1387.620443
16813.734375 5785.689941 3589.856771 1402.356771
16817.097656 5800.437988 3604.604818 1417.104818
16820.464844 5815.226074 3619.392578 1431.892578
16823.832031 5830.035156 3634.201823 1446.701823
16827.199219 5844.867676 3649.034505 1461.534505
16830.566406 5859.722656 3663.889323 1476.389323
16833.937500 5874.615234 3678.781901 1491.281901
16837.304688 5889.513184 3693.679688 1506.179688
16840.675781 5904.451172 3708.617839 1521.117839
16844.046875 5919.413574 3723.580078 1536.080078
16847.417969 5934.396484 3738.563151 1551.063151
16850.789062 5949.402832 3753.569661 1566.069661
16854.164062 5964.447266 3768.613932 1581.113932
16857.537109 5979.506348 3783.673177 1596.173177
16860.910156 5994.589355 3798.755859 1611.255859
16864.285156 6009.705566 3813.872396 1626.372396
16867.660156 6024.845703 3829.012370 1641.512370
16871.039062 6040.025391 3844.192057 1656.692057
16874.414062 6055.210449 3859.376953 1671.876953
16877.792969 6070.436035 3874.602865 1687.102865
16881.169922 6085.677734 3889.844401 1702.344401
16884.548828 6100.953613 3905.120443 1717.620443
16887.929688 6116.263672 3920.430339 1732.930339
16891.308594 6131.587891 3935.754557 1748.254557
16894.691406 6146.953613 3951.120443 1763.620443
16898.070312 6162.326172 3966.492839 1778.992839
16901.453125 6177.742188 3981.908854 1794.408854
16904.835938 6193.183594 3997.350260 1809.850260
16908.218750 6208.650879 4012.817708 1825.317708
16911.605469 6224.160156 4028.326823 1840.826823
16914.988281 6239.674316 4043.841146 1856.341146
16918.375000 6255.231934 4059.398438 1871.898438
16921.761719 6270.814941 4074.981771 1887.481771
16925.148438 6286.425781 4090.592448 1903.092448
16928.535156 6302.062012 4106.228516 1918.728516
16931.925781 6317.741699 4121.908203 1934.408203
16935.312500 6333.429199 4137.595703 1950.095703
16938.703125 6349.160645 4153.327474 1965.827474
16942.093750 6364.916504 4169.083333 1981.583333
16945.484375 6380.699707 4184.866536 1997.366536
16948.876953 6396.518066 4200.684896 2013.184896
16952.269531 6412.363770 4216.530599 2029.030599
16955.662109 6428.236328 4232.402995 2044.902995
16959.054688 6444.136719 4248.303385 2060.803385
16962.451172 6460.082520 4264.249349 2076.749349
16965.845703 6476.047363 4280.214193 2092.714193
16969.242188 6492.048828 4296.215495 2108.715495
16972.636719 6508.067871 4312.234375 2124.734375
16976.035156 6524.132324 4328.298828 2140.798828
16979.433594 6540.226074 4344.392578 2156.892578
16982.832031 6556.347656 4360.514323 2173.014323
16986.230469 6572.498047 4376.664714 2189.164714
16989.630859 6588.685547 4392.852214 2205.352214
16993.031250 6604.900879 4409.067708 2221.567708
16996.433594 6621.156250 4425.322917 2237.822917
